5/3/2024 9:24:37 AM : Starting Network Model Serivice...
5/3/2024 9:24:38 AM : The WCF service GenericDataAccess is ready.
5/3/2024 9:24:38 AM : Endpoints:
5/3/2024 9:24:38 AM : net.tcp://localhost:10000/NetworkModelService/GDA/
5/3/2024 9:24:38 AM : Connection string: ../NetworkModelData.data
5/3/2024 9:24:38 AM : Trace level: Info
5/3/2024 9:24:38 AM : The Network Model Service is started.
5/3/2024 9:24:38 AM : Press <Enter> to stop the service.
5/3/2024 9:25:15 AM : Applying  delta to network model.
5/3/2024 9:25:15 AM : Inserting entity with GID (0000000100000001).
5/3/2024 9:25:15 AM : Inserting entity with GID (0000000100000002).
5/3/2024 9:25:15 AM : Inserting entity with GID (0000000100000003).
5/3/2024 9:25:15 AM : Inserting entity with GID (0000000200000001).
5/3/2024 9:25:15 AM : Inserting entity with GID (0000000200000002).
5/3/2024 9:25:15 AM : Inserting entity with GID (0000000200000003).
5/3/2024 9:25:15 AM : Inserting entity with GID (0000000300000001).
5/3/2024 9:25:15 AM : Inserting entity with GID (0000000300000002).
5/3/2024 9:25:15 AM : Inserting entity with GID (0000000400000001).
5/3/2024 9:25:15 AM : Inserting entity with GID (0000000400000002).
5/3/2024 9:25:15 AM : Inserting entity with GID (0000000400000003).
5/3/2024 9:25:15 AM : Inserting entity with GID (0000000500000001).
5/3/2024 9:25:15 AM : Failed to insert entity (GID = 0x0000000500000001) into model. Index (zero based) must be greater than or equal to zero and less than the size of the argument list.   at System.Text.StringBuilder.AppendFormatHelper(IFormatProvider provider, String format, ParamsArray args)
   at System.String.FormatHelper(IFormatProvider provider, String format, ParamsArray args)
   at System.String.Format(String format, Object arg0)
   at FTN.Services.NetworkModelService.NetworkModel.InsertEntity(ResourceDescription rd) in C:\Users\HP EliteBook 840-G2\Desktop\Faks\4. GODINA\Modeli podataka\Projekat\ModelLabsProject\ModelLabsProjekat\ModelLabs\NetworkModelService\NetworkModel.cs:line 356
5/3/2024 9:25:15 AM : Applying delta to network model failed. Failed to insert entity (GID = 0x0000000500000001) into model. Index (zero based) must be greater than or equal to zero and less than the size of the argument list..
5/3/2024 9:25:20 AM : Applying  delta to network model.
5/3/2024 9:25:20 AM : Inserting entity with GID (0000000100000004).
5/3/2024 9:25:20 AM : Inserting entity with GID (0000000100000005).
5/3/2024 9:25:20 AM : Inserting entity with GID (0000000100000006).
5/3/2024 9:25:20 AM : Inserting entity with GID (0000000200000004).
5/3/2024 9:25:20 AM : Inserting entity with GID (0000000200000005).
5/3/2024 9:25:20 AM : Inserting entity with GID (0000000200000006).
5/3/2024 9:25:20 AM : Inserting entity with GID (0000000300000003).
5/3/2024 9:25:20 AM : Inserting entity with GID (0000000300000004).
5/3/2024 9:25:20 AM : Inserting entity with GID (0000000400000004).
5/3/2024 9:25:20 AM : Inserting entity with GID (0000000400000005).
5/3/2024 9:25:20 AM : Inserting entity with GID (0000000400000006).
5/3/2024 9:25:20 AM : Inserting entity with GID (0000000500000002).
5/3/2024 9:25:20 AM : Failed to insert entity (GID = 0x0000000500000002) into model. Index (zero based) must be greater than or equal to zero and less than the size of the argument list.   at System.Text.StringBuilder.AppendFormatHelper(IFormatProvider provider, String format, ParamsArray args)
   at System.String.FormatHelper(IFormatProvider provider, String format, ParamsArray args)
   at System.String.Format(String format, Object arg0)
   at FTN.Services.NetworkModelService.NetworkModel.InsertEntity(ResourceDescription rd) in C:\Users\HP EliteBook 840-G2\Desktop\Faks\4. GODINA\Modeli podataka\Projekat\ModelLabsProject\ModelLabsProjekat\ModelLabs\NetworkModelService\NetworkModel.cs:line 356
5/3/2024 9:25:20 AM : Applying delta to network model failed. Failed to insert entity (GID = 0x0000000500000002) into model. Index (zero based) must be greater than or equal to zero and less than the size of the argument list..
5/3/2024 9:25:36 AM : Applying  delta to network model.
5/3/2024 9:25:36 AM : Inserting entity with GID (0000000100000007).
5/3/2024 9:25:36 AM : Inserting entity with GID (0000000100000008).
5/3/2024 9:25:36 AM : Inserting entity with GID (0000000100000009).
5/3/2024 9:25:36 AM : Inserting entity with GID (0000000200000007).
5/3/2024 9:25:36 AM : Inserting entity with GID (0000000200000008).
5/3/2024 9:25:36 AM : Inserting entity with GID (0000000200000009).
5/3/2024 9:25:36 AM : Inserting entity with GID (0000000300000005).
5/3/2024 9:25:36 AM : Inserting entity with GID (0000000300000006).
5/3/2024 9:25:36 AM : Inserting entity with GID (0000000400000007).
5/3/2024 9:25:36 AM : Inserting entity with GID (0000000400000008).
5/3/2024 9:25:36 AM : Inserting entity with GID (0000000400000009).
5/3/2024 9:25:36 AM : Inserting entity with GID (0000000500000003).
5/3/2024 9:25:36 AM : Failed to insert entity (GID = 0x0000000500000003) into model. Index (zero based) must be greater than or equal to zero and less than the size of the argument list.   at System.Text.StringBuilder.AppendFormatHelper(IFormatProvider provider, String format, ParamsArray args)
   at System.String.FormatHelper(IFormatProvider provider, String format, ParamsArray args)
   at System.String.Format(String format, Object arg0)
   at FTN.Services.NetworkModelService.NetworkModel.InsertEntity(ResourceDescription rd) in C:\Users\HP EliteBook 840-G2\Desktop\Faks\4. GODINA\Modeli podataka\Projekat\ModelLabsProject\ModelLabsProjekat\ModelLabs\NetworkModelService\NetworkModel.cs:line 356
5/3/2024 9:25:36 AM : Applying delta to network model failed. Failed to insert entity (GID = 0x0000000500000003) into model. Index (zero based) must be greater than or equal to zero and less than the size of the argument list..
5/3/2024 9:26:02 AM : Applying  delta to network model.
5/3/2024 9:26:02 AM : Inserting entity with GID (000000010000000a).
5/3/2024 9:26:02 AM : Inserting entity with GID (000000010000000b).
5/3/2024 9:26:02 AM : Inserting entity with GID (000000010000000c).
5/3/2024 9:26:02 AM : Inserting entity with GID (000000020000000a).
5/3/2024 9:26:02 AM : Inserting entity with GID (000000020000000b).
5/3/2024 9:26:02 AM : Inserting entity with GID (000000020000000c).
5/3/2024 9:26:02 AM : Inserting entity with GID (0000000300000007).
5/3/2024 9:26:02 AM : Inserting entity with GID (0000000300000008).
5/3/2024 9:26:02 AM : Inserting entity with GID (000000040000000a).
5/3/2024 9:26:02 AM : Inserting entity with GID (000000040000000b).
5/3/2024 9:26:02 AM : Inserting entity with GID (000000040000000c).
5/3/2024 9:26:02 AM : Inserting entity with GID (0000000500000004).
5/3/2024 9:26:02 AM : Failed to insert entity (GID = 0x0000000500000004) into model. Index (zero based) must be greater than or equal to zero and less than the size of the argument list.   at System.Text.StringBuilder.AppendFormatHelper(IFormatProvider provider, String format, ParamsArray args)
   at System.String.FormatHelper(IFormatProvider provider, String format, ParamsArray args)
   at System.String.Format(String format, Object arg0)
   at FTN.Services.NetworkModelService.NetworkModel.InsertEntity(ResourceDescription rd) in C:\Users\HP EliteBook 840-G2\Desktop\Faks\4. GODINA\Modeli podataka\Projekat\ModelLabsProject\ModelLabsProjekat\ModelLabs\NetworkModelService\NetworkModel.cs:line 356
5/3/2024 9:26:02 AM : Applying delta to network model failed. Failed to insert entity (GID = 0x0000000500000004) into model. Index (zero based) must be greater than or equal to zero and less than the size of the argument list..
5/3/2024 9:26:07 AM : Applying  delta to network model.
5/3/2024 9:26:07 AM : Inserting entity with GID (000000010000000d).
5/3/2024 9:26:07 AM : Inserting entity with GID (000000010000000e).
5/3/2024 9:26:07 AM : Inserting entity with GID (000000010000000f).
5/3/2024 9:26:07 AM : Inserting entity with GID (000000020000000d).
5/3/2024 9:26:07 AM : Inserting entity with GID (000000020000000e).
5/3/2024 9:26:07 AM : Inserting entity with GID (000000020000000f).
5/3/2024 9:26:07 AM : Inserting entity with GID (0000000300000009).
5/3/2024 9:26:07 AM : Inserting entity with GID (000000030000000a).
5/3/2024 9:26:07 AM : Inserting entity with GID (000000040000000d).
5/3/2024 9:26:07 AM : Inserting entity with GID (000000040000000e).
5/3/2024 9:26:07 AM : Inserting entity with GID (000000040000000f).
5/3/2024 9:26:07 AM : Inserting entity with GID (0000000500000005).
5/3/2024 9:26:07 AM : Failed to insert entity (GID = 0x0000000500000005) into model. Index (zero based) must be greater than or equal to zero and less than the size of the argument list.   at System.Text.StringBuilder.AppendFormatHelper(IFormatProvider provider, String format, ParamsArray args)
   at System.String.FormatHelper(IFormatProvider provider, String format, ParamsArray args)
   at System.String.Format(String format, Object arg0)
   at FTN.Services.NetworkModelService.NetworkModel.InsertEntity(ResourceDescription rd) in C:\Users\HP EliteBook 840-G2\Desktop\Faks\4. GODINA\Modeli podataka\Projekat\ModelLabsProject\ModelLabsProjekat\ModelLabs\NetworkModelService\NetworkModel.cs:line 356
5/3/2024 9:26:07 AM : Applying delta to network model failed. Failed to insert entity (GID = 0x0000000500000005) into model. Index (zero based) must be greater than or equal to zero and less than the size of the argument list..
5/3/2024 9:26:36 AM : Applying  delta to network model.
5/3/2024 9:26:36 AM : Inserting entity with GID (0000000100000010).
5/3/2024 9:26:36 AM : Inserting entity with GID (0000000100000011).
5/3/2024 9:26:36 AM : Inserting entity with GID (0000000100000012).
5/3/2024 9:26:36 AM : Inserting entity with GID (0000000200000010).
5/3/2024 9:26:36 AM : Inserting entity with GID (0000000200000011).
5/3/2024 9:26:36 AM : Inserting entity with GID (0000000200000012).
5/3/2024 9:26:36 AM : Inserting entity with GID (000000030000000b).
5/3/2024 9:26:36 AM : Inserting entity with GID (000000030000000c).
5/3/2024 9:26:36 AM : Inserting entity with GID (0000000400000010).
5/3/2024 9:26:36 AM : Inserting entity with GID (0000000400000011).
5/3/2024 9:26:36 AM : Inserting entity with GID (0000000400000012).
5/3/2024 9:26:36 AM : Inserting entity with GID (0000000500000006).
5/3/2024 9:26:36 AM : Failed to insert entity (GID = 0x0000000500000006) into model. Index (zero based) must be greater than or equal to zero and less than the size of the argument list.   at System.Text.StringBuilder.AppendFormatHelper(IFormatProvider provider, String format, ParamsArray args)
   at System.String.FormatHelper(IFormatProvider provider, String format, ParamsArray args)
   at System.String.Format(String format, Object arg0)
   at FTN.Services.NetworkModelService.NetworkModel.InsertEntity(ResourceDescription rd) in C:\Users\HP EliteBook 840-G2\Desktop\Faks\4. GODINA\Modeli podataka\Projekat\ModelLabsProject\ModelLabsProjekat\ModelLabs\NetworkModelService\NetworkModel.cs:line 356
5/3/2024 9:26:36 AM : Applying delta to network model failed. Failed to insert entity (GID = 0x0000000500000006) into model. Index (zero based) must be greater than or equal to zero and less than the size of the argument list..
5/3/2024 9:27:08 AM : Applying  delta to network model.
5/3/2024 9:27:08 AM : Inserting entity with GID (0000000100000013).
5/3/2024 9:27:08 AM : Inserting entity with GID (0000000100000014).
5/3/2024 9:27:08 AM : Inserting entity with GID (0000000100000015).
5/3/2024 9:27:08 AM : Inserting entity with GID (0000000200000013).
5/3/2024 9:27:08 AM : Inserting entity with GID (0000000200000014).
5/3/2024 9:27:08 AM : Inserting entity with GID (0000000200000015).
5/3/2024 9:27:08 AM : Inserting entity with GID (000000030000000d).
5/3/2024 9:27:08 AM : Inserting entity with GID (000000030000000e).
5/3/2024 9:27:08 AM : Inserting entity with GID (0000000400000013).
5/3/2024 9:27:08 AM : Inserting entity with GID (0000000400000014).
5/3/2024 9:27:08 AM : Inserting entity with GID (0000000400000015).
5/3/2024 9:27:08 AM : Inserting entity with GID (0000000500000007).
5/3/2024 9:27:08 AM : Failed to insert entity (GID = 0x0000000500000007) into model. Index (zero based) must be greater than or equal to zero and less than the size of the argument list.   at System.Text.StringBuilder.AppendFormatHelper(IFormatProvider provider, String format, ParamsArray args)
   at System.String.FormatHelper(IFormatProvider provider, String format, ParamsArray args)
   at System.String.Format(String format, Object arg0)
   at FTN.Services.NetworkModelService.NetworkModel.InsertEntity(ResourceDescription rd) in C:\Users\HP EliteBook 840-G2\Desktop\Faks\4. GODINA\Modeli podataka\Projekat\ModelLabsProject\ModelLabsProjekat\ModelLabs\NetworkModelService\NetworkModel.cs:line 356
5/3/2024 9:27:08 AM : Applying delta to network model failed. Failed to insert entity (GID = 0x0000000500000007) into model. Index (zero based) must be greater than or equal to zero and less than the size of the argument list..
5/3/2024 9:27:24 AM : Starting Network Model Serivice...
5/3/2024 9:27:25 AM : The WCF service GenericDataAccess is ready.
5/3/2024 9:27:25 AM : Endpoints:
5/3/2024 9:27:25 AM : net.tcp://localhost:10000/NetworkModelService/GDA/
5/3/2024 9:27:25 AM : Connection string: ../NetworkModelData.data
5/3/2024 9:27:25 AM : Trace level: Info
5/3/2024 9:27:25 AM : The Network Model Service is started.
5/3/2024 9:27:25 AM : Press <Enter> to stop the service.
5/3/2024 9:27:43 AM : Applying  delta to network model.
5/3/2024 9:27:43 AM : Inserting entity with GID (0000000100000001).
5/3/2024 9:27:43 AM : Inserting entity with GID (0000000100000002).
5/3/2024 9:27:43 AM : Inserting entity with GID (0000000100000003).
5/3/2024 9:27:43 AM : Inserting entity with GID (0000000200000001).
5/3/2024 9:27:43 AM : Inserting entity with GID (0000000200000002).
5/3/2024 9:27:43 AM : Inserting entity with GID (0000000200000003).
5/3/2024 9:27:43 AM : Inserting entity with GID (0000000300000001).
5/3/2024 9:27:43 AM : Inserting entity with GID (0000000300000002).
5/3/2024 9:27:43 AM : Inserting entity with GID (0000000400000001).
5/3/2024 9:27:43 AM : Inserting entity with GID (0000000400000002).
5/3/2024 9:27:43 AM : Inserting entity with GID (0000000400000003).
5/3/2024 9:27:43 AM : Inserting entity with GID (0000000500000001).
5/3/2024 9:27:43 AM : Failed to insert entity (GID = 0x0000000500000001) into model. Index (zero based) must be greater than or equal to zero and less than the size of the argument list.   at System.Text.StringBuilder.AppendFormatHelper(IFormatProvider provider, String format, ParamsArray args)
   at System.String.FormatHelper(IFormatProvider provider, String format, ParamsArray args)
   at System.String.Format(String format, Object arg0)
   at FTN.Services.NetworkModelService.NetworkModel.InsertEntity(ResourceDescription rd) in C:\Users\HP EliteBook 840-G2\Desktop\Faks\4. GODINA\Modeli podataka\Projekat\ModelLabsProject\ModelLabsProjekat\ModelLabs\NetworkModelService\NetworkModel.cs:line 356
5/3/2024 9:27:43 AM : Applying delta to network model failed. Failed to insert entity (GID = 0x0000000500000001) into model. Index (zero based) must be greater than or equal to zero and less than the size of the argument list..
5/3/2024 9:27:47 AM : Applying  delta to network model.
5/3/2024 9:27:47 AM : Inserting entity with GID (0000000100000004).
5/3/2024 9:27:47 AM : Inserting entity with GID (0000000100000005).
5/3/2024 9:27:47 AM : Inserting entity with GID (0000000100000006).
5/3/2024 9:27:47 AM : Inserting entity with GID (0000000200000004).
5/3/2024 9:27:47 AM : Inserting entity with GID (0000000200000005).
5/3/2024 9:27:47 AM : Inserting entity with GID (0000000200000006).
5/3/2024 9:27:47 AM : Inserting entity with GID (0000000300000003).
5/3/2024 9:27:47 AM : Inserting entity with GID (0000000300000004).
5/3/2024 9:27:47 AM : Inserting entity with GID (0000000400000004).
5/3/2024 9:27:47 AM : Inserting entity with GID (0000000400000005).
5/3/2024 9:27:47 AM : Inserting entity with GID (0000000400000006).
5/3/2024 9:27:47 AM : Inserting entity with GID (0000000500000002).
5/3/2024 9:27:47 AM : Failed to insert entity (GID = 0x0000000500000002) into model. Index (zero based) must be greater than or equal to zero and less than the size of the argument list.   at System.Text.StringBuilder.AppendFormatHelper(IFormatProvider provider, String format, ParamsArray args)
   at System.String.FormatHelper(IFormatProvider provider, String format, ParamsArray args)
   at System.String.Format(String format, Object arg0)
   at FTN.Services.NetworkModelService.NetworkModel.InsertEntity(ResourceDescription rd) in C:\Users\HP EliteBook 840-G2\Desktop\Faks\4. GODINA\Modeli podataka\Projekat\ModelLabsProject\ModelLabsProjekat\ModelLabs\NetworkModelService\NetworkModel.cs:line 356
5/3/2024 9:27:47 AM : Applying delta to network model failed. Failed to insert entity (GID = 0x0000000500000002) into model. Index (zero based) must be greater than or equal to zero and less than the size of the argument list..
5/3/2024 9:31:33 AM : Applying  delta to network model.
5/3/2024 9:31:33 AM : Inserting entity with GID (0000000100000007).
5/3/2024 9:31:33 AM : Inserting entity with GID (0000000100000008).
5/3/2024 9:31:33 AM : Inserting entity with GID (0000000100000009).
5/3/2024 9:31:33 AM : Inserting entity with GID (0000000200000007).
5/3/2024 9:31:33 AM : Inserting entity with GID (0000000200000008).
5/3/2024 9:31:33 AM : Inserting entity with GID (0000000200000009).
5/3/2024 9:31:33 AM : Inserting entity with GID (0000000300000005).
5/3/2024 9:31:33 AM : Inserting entity with GID (0000000300000006).
5/3/2024 9:31:33 AM : Inserting entity with GID (0000000400000007).
5/3/2024 9:31:33 AM : Inserting entity with GID (0000000400000008).
5/3/2024 9:31:33 AM : Inserting entity with GID (0000000400000009).
5/3/2024 9:31:33 AM : Inserting entity with GID (0000000500000003).
5/3/2024 9:31:33 AM : Failed to insert entity (GID = 0x0000000500000003) into model. Index (zero based) must be greater than or equal to zero and less than the size of the argument list.   at System.Text.StringBuilder.AppendFormatHelper(IFormatProvider provider, String format, ParamsArray args)
   at System.String.FormatHelper(IFormatProvider provider, String format, ParamsArray args)
   at System.String.Format(String format, Object arg0)
   at FTN.Services.NetworkModelService.NetworkModel.InsertEntity(ResourceDescription rd) in C:\Users\HP EliteBook 840-G2\Desktop\Faks\4. GODINA\Modeli podataka\Projekat\ModelLabsProject\ModelLabsProjekat\ModelLabs\NetworkModelService\NetworkModel.cs:line 356
5/3/2024 9:31:33 AM : Applying delta to network model failed. Failed to insert entity (GID = 0x0000000500000003) into model. Index (zero based) must be greater than or equal to zero and less than the size of the argument list..
5/3/2024 9:51:28 AM : Starting Network Model Serivice...
5/3/2024 9:51:29 AM : The WCF service GenericDataAccess is ready.
5/3/2024 9:51:29 AM : Endpoints:
5/3/2024 9:51:29 AM : net.tcp://localhost:10000/NetworkModelService/GDA/
5/3/2024 9:51:29 AM : Connection string: ../NetworkModelData.data
5/3/2024 9:51:29 AM : Trace level: Info
5/3/2024 9:51:29 AM : The Network Model Service is started.
5/3/2024 9:51:29 AM : Press <Enter> to stop the service.
5/3/2024 9:51:51 AM : Applying  delta to network model.
5/3/2024 9:51:51 AM : Inserting entity with GID (0000000100000001).
5/3/2024 9:51:51 AM : Inserting entity with GID (0000000100000002).
5/3/2024 9:51:51 AM : Inserting entity with GID (0000000100000003).
5/3/2024 9:51:51 AM : Inserting entity with GID (0000000200000001).
5/3/2024 9:51:51 AM : Inserting entity with GID (0000000200000002).
5/3/2024 9:51:51 AM : Inserting entity with GID (0000000200000003).
5/3/2024 9:51:51 AM : Inserting entity with GID (0000000300000001).
5/3/2024 9:51:51 AM : Inserting entity with GID (0000000300000002).
5/3/2024 9:51:51 AM : Inserting entity with GID (0000000400000001).
5/3/2024 9:51:51 AM : Inserting entity with GID (0000000400000002).
5/3/2024 9:51:51 AM : Inserting entity with GID (0000000400000003).
5/3/2024 9:51:51 AM : Inserting entity with GID (0000000500000001).
5/3/2024 9:51:51 AM : Failed to insert entity (GID = 0x0000000500000001) into model. Index (zero based) must be greater than or equal to zero and less than the size of the argument list.   at System.Text.StringBuilder.AppendFormatHelper(IFormatProvider provider, String format, ParamsArray args)
   at System.String.FormatHelper(IFormatProvider provider, String format, ParamsArray args)
   at System.String.Format(String format, Object arg0)
   at FTN.Services.NetworkModelService.NetworkModel.InsertEntity(ResourceDescription rd) in C:\Users\HP EliteBook 840-G2\Desktop\Faks\4. GODINA\Modeli podataka\Projekat\ModelLabsProject\ModelLabsProjekat\ModelLabs\NetworkModelService\NetworkModel.cs:line 356
5/3/2024 9:51:51 AM : Applying delta to network model failed. Failed to insert entity (GID = 0x0000000500000001) into model. Index (zero based) must be greater than or equal to zero and less than the size of the argument list..
5/3/2024 10:06:11 AM : Starting Network Model Serivice...
5/3/2024 10:06:12 AM : The WCF service GenericDataAccess is ready.
5/3/2024 10:06:13 AM : Endpoints:
5/3/2024 10:06:13 AM : net.tcp://localhost:10000/NetworkModelService/GDA/
5/3/2024 10:06:13 AM : Connection string: ../NetworkModelData.data
5/3/2024 10:06:13 AM : Trace level: Info
5/3/2024 10:06:14 AM : The Network Model Service is started.
5/3/2024 10:06:14 AM : Press <Enter> to stop the service.
5/3/2024 10:12:15 AM : Starting Network Model Serivice...
5/3/2024 10:12:16 AM : The WCF service GenericDataAccess is ready.
5/3/2024 10:12:16 AM : Endpoints:
5/3/2024 10:12:16 AM : net.tcp://localhost:10000/NetworkModelService/GDA/
5/3/2024 10:12:16 AM : Connection string: ../NetworkModelData.data
5/3/2024 10:12:16 AM : Trace level: Info
5/3/2024 10:12:16 AM : The Network Model Service is started.
5/3/2024 10:12:16 AM : Press <Enter> to stop the service.
5/3/2024 10:12:42 AM : Applying  delta to network model.
5/3/2024 10:12:42 AM : Inserting entity with GID (0000000100000001).
5/3/2024 10:12:42 AM : Inserting entity with GID (0000000100000002).
5/3/2024 10:12:42 AM : Inserting entity with GID (0000000100000003).
5/3/2024 10:12:42 AM : Inserting entity with GID (0000000200000001).
5/3/2024 10:12:42 AM : Inserting entity with GID (0000000200000002).
5/3/2024 10:12:42 AM : Inserting entity with GID (0000000200000003).
5/3/2024 10:12:42 AM : Inserting entity with GID (0000000300000001).
5/3/2024 10:12:42 AM : Inserting entity with GID (0000000300000002).
5/3/2024 10:12:42 AM : Inserting entity with GID (0000000400000001).
5/3/2024 10:12:42 AM : Inserting entity with GID (0000000400000002).
5/3/2024 10:12:42 AM : Inserting entity with GID (0000000400000003).
5/3/2024 10:12:42 AM : Inserting entity with GID (0000000500000001).
5/3/2024 10:12:42 AM : Failed to insert entity (GID = 0x0000000500000001) into model. Index (zero based) must be greater than or equal to zero and less than the size of the argument list.   at System.Text.StringBuilder.AppendFormatHelper(IFormatProvider provider, String format, ParamsArray args)
   at System.String.FormatHelper(IFormatProvider provider, String format, ParamsArray args)
   at System.String.Format(String format, Object arg0)
   at FTN.Services.NetworkModelService.NetworkModel.InsertEntity(ResourceDescription rd) in C:\Users\HP EliteBook 840-G2\Desktop\Faks\4. GODINA\Modeli podataka\Projekat\ModelLabsProject\ModelLabsProjekat\ModelLabs\NetworkModelService\NetworkModel.cs:line 356
5/3/2024 10:12:42 AM : Applying delta to network model failed. Failed to insert entity (GID = 0x0000000500000001) into model. Index (zero based) must be greater than or equal to zero and less than the size of the argument list..
5/3/2024 10:50:44 AM : Starting Network Model Serivice...
5/3/2024 10:50:44 AM : The WCF service GenericDataAccess is ready.
5/3/2024 10:50:45 AM : Endpoints:
5/3/2024 10:50:45 AM : net.tcp://localhost:10000/NetworkModelService/GDA/
5/3/2024 10:50:45 AM : Connection string: ../NetworkModelData.data
5/3/2024 10:50:45 AM : Trace level: Info
5/3/2024 10:50:45 AM : The Network Model Service is started.
5/3/2024 10:50:45 AM : Press <Enter> to stop the service.
5/3/2024 10:51:08 AM : Applying  delta to network model.
5/3/2024 10:51:08 AM : Inserting entity with GID (0000000100000001).
5/3/2024 10:51:08 AM : Inserting entity with GID (0000000100000002).
5/3/2024 10:51:08 AM : Inserting entity with GID (0000000100000003).
5/3/2024 10:51:08 AM : Inserting entity with GID (0000000200000001).
5/3/2024 10:51:08 AM : Inserting entity with GID (0000000200000002).
5/3/2024 10:51:08 AM : Inserting entity with GID (0000000200000003).
5/3/2024 10:51:08 AM : Inserting entity with GID (0000000300000001).
5/3/2024 10:51:09 AM : Inserting entity with GID (0000000300000002).
5/3/2024 10:51:09 AM : Inserting entity with GID (0000000400000001).
5/3/2024 10:51:09 AM : Inserting entity with GID (0000000400000002).
5/3/2024 10:51:09 AM : Inserting entity with GID (0000000400000003).
5/3/2024 10:51:09 AM : Inserting entity with GID (0000000500000001).
5/3/2024 10:51:09 AM : Failed to insert entity (GID = 0x0000000500000001) into model. Index (zero based) must be greater than or equal to zero and less than the size of the argument list.   at System.Text.StringBuilder.AppendFormatHelper(IFormatProvider provider, String format, ParamsArray args)
   at System.String.FormatHelper(IFormatProvider provider, String format, ParamsArray args)
   at System.String.Format(String format, Object arg0)
   at FTN.Services.NetworkModelService.NetworkModel.InsertEntity(ResourceDescription rd) in C:\Users\HP EliteBook 840-G2\Desktop\Faks\4. GODINA\Modeli podataka\Projekat\ModelLabsProject\ModelLabsProjekat\ModelLabs\NetworkModelService\NetworkModel.cs:line 356
5/3/2024 10:51:09 AM : Applying delta to network model failed. Failed to insert entity (GID = 0x0000000500000001) into model. Index (zero based) must be greater than or equal to zero and less than the size of the argument list..
5/3/2024 11:00:03 AM : Starting Network Model Serivice...
5/3/2024 11:00:04 AM : Inserting entity with GID (0000000100000001).
5/3/2024 11:00:04 AM : Inserting entity with GID (0000000100000002).
5/3/2024 11:00:04 AM : Inserting entity with GID (0000000100000003).
5/3/2024 11:00:04 AM : Inserting entity with GID (0000000200000001).
5/3/2024 11:00:04 AM : Inserting entity with GID (0000000200000002).
5/3/2024 11:00:04 AM : Inserting entity with GID (0000000200000003).
5/3/2024 11:00:04 AM : Inserting entity with GID (0000000300000001).
5/3/2024 11:00:04 AM : Inserting entity with GID (0000000300000002).
5/3/2024 11:00:04 AM : Inserting entity with GID (0000000400000001).
5/3/2024 11:00:05 AM : Inserting entity with GID (0000000400000002).
5/3/2024 11:00:05 AM : Inserting entity with GID (0000000400000003).
5/3/2024 11:00:05 AM : Inserting entity with GID (0000000500000001).
5/3/2024 11:00:05 AM : Failed to insert entity (GID = 0x0000000500000001) into model. Index (zero based) must be greater than or equal to zero and less than the size of the argument list.   at System.Text.StringBuilder.AppendFormatHelper(IFormatProvider provider, String format, ParamsArray args)
   at System.String.FormatHelper(IFormatProvider provider, String format, ParamsArray args)
   at System.String.Format(String format, Object arg0)
   at FTN.Services.NetworkModelService.NetworkModel.InsertEntity(ResourceDescription rd) in C:\Users\HP EliteBook 840-G2\Desktop\Faks\4. GODINA\Modeli podataka\Projekat\ModelLabsProject\ModelLabsProjekat\ModelLabs\NetworkModelService\NetworkModel.cs:line 356
5/3/2024 11:00:05 AM : Error while applying delta (id = 1) during service initialization. Failed to insert entity (GID = 0x0000000500000001) into model. Index (zero based) must be greater than or equal to zero and less than the size of the argument list.
5/3/2024 11:00:06 AM : The WCF service GenericDataAccess is ready.
5/3/2024 11:00:06 AM : Endpoints:
5/3/2024 11:00:06 AM : net.tcp://localhost:10000/NetworkModelService/GDA/
5/3/2024 11:00:06 AM : Connection string: ../NetworkModelData.data
5/3/2024 11:00:06 AM : Trace level: Info
5/3/2024 11:00:06 AM : The Network Model Service is started.
5/3/2024 11:00:06 AM : Press <Enter> to stop the service.
5/3/2024 11:00:58 AM : Applying  delta to network model.
5/3/2024 11:00:58 AM : Failed to fix negative to positive IDs in insert delta operations for delta with ID = 0.0 because negative reference (property code: AC_LINE_SEGMENT_PERLENGTHIMP, value: 0xffffffffffffffff) does not exist in insert delta operations. Resource ID = 0x0000000500000002. 
5/3/2024 11:00:59 AM : Applying delta to network model failed. Invalid insert delta operation. Negative reference (property code: AC_LINE_SEGMENT_PERLENGTHIMP, value: 0xffffffffffffffff) does not exist in insert delta operations. Resource ID = 0x0000000500000002. .
5/3/2024 11:32:10 AM : Starting Network Model Serivice...
5/3/2024 11:32:11 AM : Inserting entity with GID (0000000100000001).
5/3/2024 11:32:11 AM : Inserting entity with GID (0000000100000002).
5/3/2024 11:32:11 AM : Inserting entity with GID (0000000100000003).
5/3/2024 11:32:11 AM : Inserting entity with GID (0000000200000001).
5/3/2024 11:32:11 AM : Inserting entity with GID (0000000200000002).
5/3/2024 11:32:11 AM : Inserting entity with GID (0000000200000003).
5/3/2024 11:32:11 AM : Inserting entity with GID (0000000300000001).
5/3/2024 11:32:11 AM : Inserting entity with GID (0000000300000002).
5/3/2024 11:32:11 AM : Inserting entity with GID (0000000400000001).
5/3/2024 11:32:11 AM : Inserting entity with GID (0000000400000002).
5/3/2024 11:32:11 AM : Inserting entity with GID (0000000400000003).
5/3/2024 11:32:11 AM : Inserting entity with GID (0000000500000001).
5/3/2024 11:32:11 AM : Failed to insert entity (GID = 0x0000000500000001) into model. Index (zero based) must be greater than or equal to zero and less than the size of the argument list.   at System.Text.StringBuilder.AppendFormatHelper(IFormatProvider provider, String format, ParamsArray args)
   at System.String.FormatHelper(IFormatProvider provider, String format, ParamsArray args)
   at System.String.Format(String format, Object arg0)
   at FTN.Services.NetworkModelService.NetworkModel.InsertEntity(ResourceDescription rd) in C:\Users\HP EliteBook 840-G2\Desktop\Faks\4. GODINA\Modeli podataka\Projekat\ModelLabsProject\ModelLabsProjekat\ModelLabs\NetworkModelService\NetworkModel.cs:line 356
5/3/2024 11:32:11 AM : Error while applying delta (id = 1) during service initialization. Failed to insert entity (GID = 0x0000000500000001) into model. Index (zero based) must be greater than or equal to zero and less than the size of the argument list.
5/3/2024 11:32:12 AM : The WCF service GenericDataAccess is ready.
5/3/2024 11:32:12 AM : Endpoints:
5/3/2024 11:32:12 AM : net.tcp://localhost:10000/NetworkModelService/GDA/
5/3/2024 11:32:12 AM : Connection string: ../NetworkModelData.data
5/3/2024 11:32:12 AM : Trace level: Info
5/3/2024 11:32:12 AM : The Network Model Service is started.
5/3/2024 11:32:12 AM : Press <Enter> to stop the service.
5/3/2024 11:32:41 AM : Applying  delta to network model.
5/3/2024 11:32:41 AM : Inserting entity with GID (0000000100000004).
5/3/2024 11:32:41 AM : Inserting entity with GID (0000000100000005).
5/3/2024 11:32:41 AM : Inserting entity with GID (0000000100000006).
5/3/2024 11:32:41 AM : Inserting entity with GID (0000000200000004).
5/3/2024 11:32:41 AM : Inserting entity with GID (0000000200000005).
5/3/2024 11:32:41 AM : Inserting entity with GID (0000000200000006).
5/3/2024 11:32:41 AM : Inserting entity with GID (0000000300000003).
5/3/2024 11:32:41 AM : Inserting entity with GID (0000000300000004).
5/3/2024 11:32:41 AM : Inserting entity with GID (0000000400000004).
5/3/2024 11:32:41 AM : Inserting entity with GID (0000000400000005).
5/3/2024 11:32:41 AM : Inserting entity with GID (0000000400000006).
5/3/2024 11:32:41 AM : Inserting entity with GID (0000000500000002).
5/3/2024 11:32:41 AM : Failed to insert entity (GID = 0x0000000500000002) into model. Index (zero based) must be greater than or equal to zero and less than the size of the argument list.   at System.Text.StringBuilder.AppendFormatHelper(IFormatProvider provider, String format, ParamsArray args)
   at System.String.FormatHelper(IFormatProvider provider, String format, ParamsArray args)
   at System.String.Format(String format, Object arg0)
   at FTN.Services.NetworkModelService.NetworkModel.InsertEntity(ResourceDescription rd) in C:\Users\HP EliteBook 840-G2\Desktop\Faks\4. GODINA\Modeli podataka\Projekat\ModelLabsProject\ModelLabsProjekat\ModelLabs\NetworkModelService\NetworkModel.cs:line 356
5/3/2024 11:32:41 AM : Applying delta to network model failed. Failed to insert entity (GID = 0x0000000500000002) into model. Index (zero based) must be greater than or equal to zero and less than the size of the argument list..
5/3/2024 11:36:20 AM : Starting Network Model Serivice...
5/3/2024 11:36:21 AM : The WCF service GenericDataAccess is ready.
5/3/2024 11:36:21 AM : Endpoints:
5/3/2024 11:36:21 AM : net.tcp://localhost:10000/NetworkModelService/GDA/
5/3/2024 11:36:21 AM : Connection string: ../NetworkModelData.data
5/3/2024 11:36:21 AM : Trace level: Info
5/3/2024 11:36:21 AM : The Network Model Service is started.
5/3/2024 11:36:21 AM : Press <Enter> to stop the service.
5/3/2024 11:36:39 AM : Applying  delta to network model.
5/3/2024 11:36:39 AM : Inserting entity with GID (0000000100000001).
5/3/2024 11:36:39 AM : Inserting entity with GID (0000000100000002).
5/3/2024 11:36:39 AM : Inserting entity with GID (0000000100000003).
5/3/2024 11:36:39 AM : Inserting entity with GID (0000000200000001).
5/3/2024 11:36:39 AM : Inserting entity with GID (0000000200000002).
5/3/2024 11:36:39 AM : Inserting entity with GID (0000000200000003).
5/3/2024 11:36:39 AM : Inserting entity with GID (0000000300000001).
5/3/2024 11:36:39 AM : Inserting entity with GID (0000000300000002).
5/3/2024 11:36:39 AM : Inserting entity with GID (0000000400000001).
5/3/2024 11:36:39 AM : Inserting entity with GID (0000000400000002).
5/3/2024 11:36:39 AM : Inserting entity with GID (0000000400000003).
5/3/2024 11:36:39 AM : Inserting entity with GID (0000000600000001).
5/3/2024 11:36:39 AM : Inserting entity with GID (0000000600000002).
5/3/2024 11:36:39 AM : Applying delta to network model successfully finished.
5/3/2024 11:37:43 AM : Applying  delta to network model.
5/3/2024 11:37:43 AM : Inserting entity with GID (0000000100000004).
5/3/2024 11:37:43 AM : Inserting entity with GID (0000000100000005).
5/3/2024 11:37:43 AM : Inserting entity with GID (0000000100000006).
5/3/2024 11:37:43 AM : Inserting entity with GID (0000000200000004).
5/3/2024 11:37:43 AM : Inserting entity with GID (0000000200000005).
5/3/2024 11:37:43 AM : Inserting entity with GID (0000000200000006).
5/3/2024 11:37:43 AM : Inserting entity with GID (0000000300000003).
5/3/2024 11:37:43 AM : Inserting entity with GID (0000000300000004).
5/3/2024 11:37:43 AM : Inserting entity with GID (0000000400000004).
5/3/2024 11:37:43 AM : Inserting entity with GID (0000000400000005).
5/3/2024 11:37:43 AM : Inserting entity with GID (0000000400000006).
5/3/2024 11:37:43 AM : Inserting entity with GID (0000000500000001).
5/3/2024 11:37:43 AM : Failed to insert entity (GID = 0x0000000500000001) into model. Index (zero based) must be greater than or equal to zero and less than the size of the argument list.   at System.Text.StringBuilder.AppendFormatHelper(IFormatProvider provider, String format, ParamsArray args)
   at System.String.FormatHelper(IFormatProvider provider, String format, ParamsArray args)
   at System.String.Format(String format, Object arg0)
   at FTN.Services.NetworkModelService.NetworkModel.InsertEntity(ResourceDescription rd) in C:\Users\HP EliteBook 840-G2\Desktop\Faks\4. GODINA\Modeli podataka\Projekat\ModelLabsProject\ModelLabsProjekat\ModelLabs\NetworkModelService\NetworkModel.cs:line 356
5/3/2024 11:37:43 AM : Applying delta to network model failed. Failed to insert entity (GID = 0x0000000500000001) into model. Index (zero based) must be greater than or equal to zero and less than the size of the argument list..
5/3/2024 12:25:17 PM : Starting Network Model Serivice...
5/3/2024 12:25:18 PM : Inserting entity with GID (0000000100000001).
5/3/2024 12:25:18 PM : Inserting entity with GID (0000000100000002).
5/3/2024 12:25:18 PM : Inserting entity with GID (0000000100000003).
5/3/2024 12:25:18 PM : Inserting entity with GID (0000000200000001).
5/3/2024 12:25:18 PM : Inserting entity with GID (0000000200000002).
5/3/2024 12:25:18 PM : Inserting entity with GID (0000000200000003).
5/3/2024 12:25:18 PM : Inserting entity with GID (0000000300000001).
5/3/2024 12:25:18 PM : Inserting entity with GID (0000000300000002).
5/3/2024 12:25:18 PM : Inserting entity with GID (0000000400000001).
5/3/2024 12:25:18 PM : Inserting entity with GID (0000000400000002).
5/3/2024 12:25:18 PM : Inserting entity with GID (0000000400000003).
5/3/2024 12:25:18 PM : Inserting entity with GID (0000000600000001).
5/3/2024 12:25:18 PM : Inserting entity with GID (0000000600000002).
5/3/2024 12:25:18 PM : Inserting entity with GID (0000000100000004).
5/3/2024 12:25:18 PM : Inserting entity with GID (0000000100000005).
5/3/2024 12:25:18 PM : Inserting entity with GID (0000000100000006).
5/3/2024 12:25:18 PM : Inserting entity with GID (0000000200000004).
5/3/2024 12:25:18 PM : Inserting entity with GID (0000000200000005).
5/3/2024 12:25:18 PM : Inserting entity with GID (0000000200000006).
5/3/2024 12:25:18 PM : Inserting entity with GID (0000000300000003).
5/3/2024 12:25:18 PM : Inserting entity with GID (0000000300000004).
5/3/2024 12:25:18 PM : Inserting entity with GID (0000000400000004).
5/3/2024 12:25:18 PM : Inserting entity with GID (0000000400000005).
5/3/2024 12:25:18 PM : Inserting entity with GID (0000000400000006).
5/3/2024 12:25:18 PM : Inserting entity with GID (0000000500000001).
5/3/2024 12:25:18 PM : Failed to insert entity (GID = 0x0000000500000001) into model. Index (zero based) must be greater than or equal to zero and less than the size of the argument list.   at System.Text.StringBuilder.AppendFormatHelper(IFormatProvider provider, String format, ParamsArray args)
   at System.String.FormatHelper(IFormatProvider provider, String format, ParamsArray args)
   at System.String.Format(String format, Object arg0)
   at FTN.Services.NetworkModelService.NetworkModel.InsertEntity(ResourceDescription rd) in C:\Users\HP EliteBook 840-G2\Desktop\Faks\4. GODINA\Modeli podataka\Projekat\ModelLabsProject\ModelLabsProjekat\ModelLabs\NetworkModelService\NetworkModel.cs:line 356
5/3/2024 12:25:18 PM : Error while applying delta (id = 2) during service initialization. Failed to insert entity (GID = 0x0000000500000001) into model. Index (zero based) must be greater than or equal to zero and less than the size of the argument list.
5/3/2024 12:25:19 PM : The WCF service GenericDataAccess is ready.
5/3/2024 12:25:19 PM : Endpoints:
5/3/2024 12:25:19 PM : net.tcp://localhost:10000/NetworkModelService/GDA/
5/3/2024 12:25:19 PM : Connection string: ../NetworkModelData.data
5/3/2024 12:25:19 PM : Trace level: Info
5/3/2024 12:25:19 PM : The Network Model Service is started.
5/3/2024 12:25:19 PM : Press <Enter> to stop the service.
